[debug] [2019-08-28T19:06:52.405Z] ----------------------------------------------------------------------
[debug] [2019-08-28T19:06:52.409Z] Command:       /Users/BGeist/.nvm/versions/node/v10.13.0/bin/node /Users/BGeist/.nvm/versions/node/v10.13.0/bin/firebase serve
[debug] [2019-08-28T19:06:52.409Z] CLI Version:   7.2.4
[debug] [2019-08-28T19:06:52.409Z] Platform:      darwin
[debug] [2019-08-28T19:06:52.409Z] Node Version:  v10.13.0
[debug] [2019-08-28T19:06:52.410Z] Time:          Wed Aug 28 2019 12:06:52 GMT-0700 (Pacific Daylight Time)
[debug] [2019-08-28T19:06:52.410Z] ----------------------------------------------------------------------
[debug] 
[debug] [2019-08-28T19:06:52.431Z] > command requires scopes: ["email","openid","https://www.googleapis.com/auth/cloudplatformprojects.readonly","https://www.googleapis.com/auth/firebase","https://www.googleapis.com/auth/cloud-platform"]
[debug] [2019-08-28T19:06:52.432Z] > authorizing via signed-in user
[debug] [2019-08-28T19:06:52.432Z] [iam] checking project blakes-react-github-cards-app for permissions ["firebase.projects.get"]
[debug] [2019-08-28T19:06:52.440Z] >>> HTTP REQUEST POST https://cloudresourcemanager.googleapis.com/v1/projects/blakes-react-github-cards-app:testIamPermissions  

[debug] [2019-08-28T19:06:52.828Z] <<< HTTP RESPONSE 200
[debug] [2019-08-28T19:06:52.831Z] >>> HTTP REQUEST GET https://firebase.googleapis.com/v1beta1/projects/blakes-react-github-cards-app  
 
[debug] [2019-08-28T19:06:53.115Z] <<< HTTP RESPONSE 200
[info] 
[info] === Serving from '/Users/BGeist/Documents/blakes-apps/react-git-profile-example'...
[info] 
[debug] [2019-08-28T19:06:53.119Z] >>> HTTP REQUEST GET https://firebase.googleapis.com/v1beta1/projects/blakes-react-github-cards-app/webApps/-/config  
 
[debug] [2019-08-28T19:06:53.462Z] <<< HTTP RESPONSE 200
[info] i  hosting: Serving hosting files from: dist
[info] ✔  hosting: Local server: http://localhost:5000
